<?xml version="1.0" encoding="UTF-8"?>
<!-- Generated by org.testng.reporters.JUnitReportReporter -->
<testsuite hostname="DESKTOP-G3E20IF" failures="0" tests="3" name="parallel.ParallelRunTestNG1$PositiveTest" time="23.519" errors="3" timestamp="2021-11-15T13:54:28 GMT" skipped="0">
  <testcase classname="parallel.ParallelRunTestNG1$PositiveTest" name="runScenario" time="8.122">
    <error message="Cannot invoke &quot;org.apache.log4j.Logger.info(Object)&quot; because &quot;pages.actions.HomePageActions.LOGGER&quot; is null" type="java.lang.NullPointerException">
      <![CDATA[java.lang.NullPointerException: Cannot invoke "org.apache.log4j.Logger.info(Object)" because "pages.actions.HomePageActions.LOGGER" is null
at pages.actions.HomePageActions.clickAllToursSubMenuButton(HomePageActions.java:30)
at parallel.AllToursSteps.i_click_on_all_tours_menu_link(AllToursSteps.java:32)
at ✽.I click on All Tours menu link(file:///C:/Users/sharo/eclipse-workspace/DevOpsDocker/src/test/resources/FeatureFiles/Suite2/AllTours.feature:32)
]]>
    </error>
  </testcase> <!-- runScenario -->
  <system-out/>
  <testcase classname="parallel.ParallelRunTestNG1$PositiveTest" name="runScenario" time="7.875">
    <error message="Cannot invoke &quot;org.apache.log4j.Logger.info(Object)&quot; because &quot;pages.actions.HomePageActions.LOGGER&quot; is null" type="java.lang.NullPointerException">
      <![CDATA[java.lang.NullPointerException: Cannot invoke "org.apache.log4j.Logger.info(Object)" because "pages.actions.HomePageActions.LOGGER" is null
at pages.actions.HomePageActions.clickAllToursSubMenuButton(HomePageActions.java:30)
at parallel.AllToursSteps.i_click_on_all_tours_menu_link(AllToursSteps.java:32)
at ✽.I click on All Tours menu link(file:///C:/Users/sharo/eclipse-workspace/DevOpsDocker/src/test/resources/FeatureFiles/Suite2/AllTours.feature:38)
]]>
    </error>
  </testcase> <!-- runScenario -->
  <system-out/>
  <testcase classname="parallel.ParallelRunTestNG1$PositiveTest" name="runScenario" time="7.522">
    <error message="Cannot invoke &quot;org.apache.log4j.Logger.info(Object)&quot; because &quot;pages.actions.HomePageActions.LOGGER&quot; is null" type="java.lang.NullPointerException">
      <![CDATA[java.lang.NullPointerException: Cannot invoke "org.apache.log4j.Logger.info(Object)" because "pages.actions.HomePageActions.LOGGER" is null
at pages.actions.HomePageActions.clickAllToursSubMenuButton(HomePageActions.java:30)
at parallel.AllToursSteps.i_click_on_all_tours_menu_link(AllToursSteps.java:32)
at ✽.I click on All Tours menu link(file:///C:/Users/sharo/eclipse-workspace/DevOpsDocker/src/test/resources/FeatureFiles/Suite2/AllTours.feature:26)
]]>
    </error>
  </testcase> <!-- runScenario -->
  <system-out/>
</testsuite> <!-- parallel.ParallelRunTestNG1$PositiveTest -->
