<?xml version="1.0" encoding="UTF-8"?>
<!-- Generated by org.testng.reporters.JUnitReportReporter -->
<testsuite hostname="DESKTOP-G3E20IF" failures="0" tests="3" name="parallel.ParallelRunTestNG2$PositiveTest" time="41.679" errors="0" timestamp="2021-11-15T11:24:38 GMT" skipped="0">
  <testcase classname="parallel.ParallelRunTestNG2$PositiveTest" name="runScenario" time="13.812"/>
  <system-out/>
  <testcase classname="parallel.ParallelRunTestNG2$PositiveTest" name="runScenario" time="13.806"/>
  <system-out/>
  <testcase classname="parallel.ParallelRunTestNG2$PositiveTest" name="runScenario" time="14.061"/>
  <system-out/>
</testsuite> <!-- parallel.ParallelRunTestNG2$PositiveTest -->
