<?xml version="1.0" encoding="UTF-8"?>
<!-- Generated by org.testng.reporters.JUnitReportReporter -->
<testsuite hostname="DESKTOP-G3E20IF" failures="0" tests="1" name="parallel.ParallelRunTestNG3$PositiveTest" time="9.093" errors="0" timestamp="2021-11-15T10:40:42 GMT" skipped="0">
  <testcase classname="parallel.ParallelRunTestNG3$PositiveTest" name="runScenario" time="9.093"/>
  <system-out/>
</testsuite> <!-- parallel.ParallelRunTestNG3$PositiveTest -->
