<?xml version="1.0" encoding="UTF-8"?>
<!-- Generated by org.testng.reporters.JUnitReportReporter -->
<testsuite hostname="DESKTOP-G3E20IF" failures="0" tests="3" name="parallel.ParallelRunTestNG1$PositiveTest" time="24.429" errors="0" timestamp="2021-11-15T13:15:28 GMT" skipped="0">
  <testcase classname="parallel.ParallelRunTestNG1$PositiveTest" name="runScenario" time="8.044"/>
  <system-out/>
  <testcase classname="parallel.ParallelRunTestNG1$PositiveTest" name="runScenario" time="8.131"/>
  <system-out/>
  <testcase classname="parallel.ParallelRunTestNG1$PositiveTest" name="runScenario" time="8.254"/>
  <system-out/>
</testsuite> <!-- parallel.ParallelRunTestNG1$PositiveTest -->
