<?xml version="1.0" encoding="UTF-8"?>
<!-- Generated by org.testng.reporters.JUnitReportReporter -->
<testsuite hostname="DESKTOP-G3E20IF" failures="0" tests="3" name="parallel.ParallelRunTestNG2$PositiveTest" time="33.383" errors="0" timestamp="2021-11-15T13:15:28 GMT" skipped="0">
  <testcase classname="parallel.ParallelRunTestNG2$PositiveTest" name="runScenario" time="11.034"/>
  <system-out/>
  <testcase classname="parallel.ParallelRunTestNG2$PositiveTest" name="runScenario" time="11.270"/>
  <system-out/>
  <testcase classname="parallel.ParallelRunTestNG2$PositiveTest" name="runScenario" time="11.079"/>
  <system-out/>
</testsuite> <!-- parallel.ParallelRunTestNG2$PositiveTest -->
